<?xml version="1.0" encoding="UTF-8"?>
<!-- Generated by org.testng.reporters.JUnitXMLReporter -->
<testsuite ignored="0" hostname="LAPTOP-SBSE2B7E" failures="0" tests="4" name="Default test" time="0.13" errors="0" timestamp="2022-11-22T21:55:16 CST">
  <testcase classname="ui.LoginTest" name="loginTest1" time="0.015"/>
  <testcase classname="ui.LoginTest" name="loginTest2" time="0.003"/>
  <testcase classname="ui.LoginTest" name="loginTest3" time="0.005"/>
  <testcase classname="ui.LoginTest" name="loginTest4" time="0.002"/>
</testsuite> <!-- Default test -->
