<?xml version="1.0" encoding="UTF-8"?>
<!-- Generated by org.testng.reporters.JUnitXMLReporter -->
<testsuite ignored="0" hostname="LAPTOP-SBSE2B7E" failures="1" tests="1" name="Test" time="2.868" errors="0" timestamp="2022-11-22T22:15:27 CST">
  <testcase classname="ui.ebayTest" name="ebayTest1" time="2.294">
    <failure type="java.lang.AssertionError" message="expected [true] but found [false]">
      <![CDATA[java.lang.AssertionError: expected [true] but found [false]
at ui.ebayTest.ebayTest1(ebayTest.java:14)
at java.base/java.util.ArrayList.forEach(ArrayList.java:1511)
... Removed 31 stack frames]]>
    </failure>
  </testcase> <!-- ebayTest1 -->
</testsuite> <!-- Test -->
