<?xml version="1.0" encoding="UTF-8"?>
<!-- Generated by org.testng.reporters.JUnitXMLReporter -->
<testsuite ignored="0" hostname="LAPTOP-SBSE2B7E" failures="0" tests="3" name="GRP-user-registration" time="0.187" errors="0" timestamp="2022-11-15T09:47:26 CST">
  <testcase classname="ui.LoginTest" name="loginTest2" time="0.014"/>
  <testcase classname="ui.LoginTest" name="loginTest3" time="0.003"/>
  <testcase classname="ui.LoginTest" name="loginTest4" time="0.005"/>
</testsuite> <!-- GRP-user-registration -->
