<?xml version="1.0" encoding="UTF-8"?>
<!-- Generated by org.testng.reporters.JUnitXMLReporter -->
<testsuite ignored="2" hostname="LAPTOP-SBSE2B7E" failures="0" tests="2" name="GRP-bvt" time="0.17" errors="0" timestamp="2022-11-15T09:38:14 CST">
  <testcase classname="ui.LoginTest" name="loginTest3" time="0.026"/>
  <testcase classname="ui.LoginTest" name="loginTest4" time="0.003"/>
  <testcase classname="ui.LoginTest" name="loginTest1" time="0.0">
    <ignored/>
  </testcase> <!-- loginTest1 -->
  <testcase classname="ui.LoginTest" name="loginTest2" time="0.0">
    <ignored/>
  </testcase> <!-- loginTest2 -->
</testsuite> <!-- GRP-bvt -->
