<?xml version="1.0" encoding="UTF-8"?>
<!-- Generated by org.testng.reporters.JUnitXMLReporter -->
<testsuite ignored="0" hostname="LAPTOP-SBSE2B7E" failures="0" tests="5" name="Functioanal Testing" time="4.805" errors="0" timestamp="2022-11-23T09:58:24 CST">
  <testcase classname="ui.PagetitleTest" name="titleTest" time="4.711"/>
  <testcase classname="ui.LoginTest" name="loginTest1" time="0.002"/>
  <testcase classname="ui.LoginTest" name="loginTest2" time="0.003"/>
  <testcase classname="ui.LoginTest" name="loginTest3" time="0.002"/>
  <testcase classname="ui.LoginTest" name="loginTest4" time="0.002"/>
</testsuite> <!-- Functioanal Testing -->
