<?xml version="1.0" encoding="UTF-8"?>
<testng-results ignored="0" total="1" passed="1" failed="0" skipped="0">
  <reporter-output>
  </reporter-output>
  <suite started-at="2022-12-15T09:56:21 CST" name="Default suite" finished-at="2022-12-15T09:56:28 CST" duration-ms="6666">
    <groups>
    </groups>
    <test started-at="2022-12-15T09:56:21 CST" name="Default test" finished-at="2022-12-15T09:56:28 CST" duration-ms="6666">
      <class name="ui.PagetitleTest">
        <test-method signature="titleTest()[pri:0, instance:ui.PagetitleTest@5c6648b0]" started-at="2022-12-15T09:56:21 CST" name="titleTest" finished-at="2022-12-15T09:56:27 CST" duration-ms="6585" status="PASS">
          <reporter-output>
          </reporter-output>
        </test-method> <!-- titleTest -->
      </class> <!-- ui.PagetitleTest -->
    </test> <!-- Default test -->
  </suite> <!-- Default suite -->
</testng-results>
