<?xml version="1.0" encoding="UTF-8"?>
<testng-results ignored="0" total="5" passed="5" failed="0" skipped="0">
  <reporter-output>
  </reporter-output>
  <suite started-at="2022-11-23T09:58:19 CST" name="UI Tests" finished-at="2022-11-23T09:58:24 CST" duration-ms="4805">
    <groups>
      <group name="bvt">
        <method signature="LoginTest.loginTest3()[pri:0, instance:ui.LoginTest@29647f75]" name="loginTest3" class="ui.LoginTest"/>
        <method signature="LoginTest.loginTest4()[pri:0, instance:ui.LoginTest@29647f75]" name="loginTest4" class="ui.LoginTest"/>
      </group> <!-- bvt -->
      <group name="functional">
        <method signature="LoginTest.loginTest1()[pri:0, instance:ui.LoginTest@29647f75]" name="loginTest1" class="ui.LoginTest"/>
        <method signature="LoginTest.loginTest2()[pri:0, instance:ui.LoginTest@29647f75]" name="loginTest2" class="ui.LoginTest"/>
      </group> <!-- functional -->
      <group name="regression">
        <method signature="LoginTest.loginTest2()[pri:0, instance:ui.LoginTest@29647f75]" name="loginTest2" class="ui.LoginTest"/>
        <method signature="LoginTest.loginTest3()[pri:0, instance:ui.LoginTest@29647f75]" name="loginTest3" class="ui.LoginTest"/>
      </group> <!-- regression -->
    </groups>
    <test started-at="2022-11-23T09:58:19 CST" name="Functioanal Testing" finished-at="2022-11-23T09:58:24 CST" duration-ms="4805">
      <class name="ui.PagetitleTest">
        <test-method signature="titleTest()[pri:0, instance:ui.PagetitleTest@2beee7ff]" started-at="2022-11-23T09:58:19 CST" name="titleTest" finished-at="2022-11-23T09:58:24 CST" duration-ms="4711" status="PASS">
          <reporter-output>
          </reporter-output>
        </test-method> <!-- titleTest -->
      </class> <!-- ui.PagetitleTest -->
      <class name="ui.LoginTest">
        <test-method signature="loginTest1()[pri:0, instance:ui.LoginTest@29647f75]" started-at="2022-11-23T09:58:24 CST" name="loginTest1" description="This is LoginTest1" finished-at="2022-11-23T09:58:24 CST" duration-ms="2" status="PASS">
          <reporter-output>
          </reporter-output>
        </test-method> <!-- loginTest1 -->
        <test-method signature="loginTest2()[pri:0, instance:ui.LoginTest@29647f75]" started-at="2022-11-23T09:58:24 CST" name="loginTest2" finished-at="2022-11-23T09:58:24 CST" duration-ms="3" status="PASS">
          <reporter-output>
          </reporter-output>
        </test-method> <!-- loginTest2 -->
        <test-method signature="loginTest3()[pri:0, instance:ui.LoginTest@29647f75]" started-at="2022-11-23T09:58:24 CST" name="loginTest3" finished-at="2022-11-23T09:58:24 CST" duration-ms="2" status="PASS">
          <reporter-output>
          </reporter-output>
        </test-method> <!-- loginTest3 -->
        <test-method signature="loginTest4()[pri:0, instance:ui.LoginTest@29647f75]" started-at="2022-11-23T09:58:24 CST" name="loginTest4" finished-at="2022-11-23T09:58:24 CST" duration-ms="2" status="PASS">
          <reporter-output>
          </reporter-output>
        </test-method> <!-- loginTest4 -->
      </class> <!-- ui.LoginTest -->
    </test> <!-- Functioanal Testing -->
  </suite> <!-- UI Tests -->
</testng-results>
